{"level":"info","message":"Winston Initialized!!!","timestamp":"2013-03-19T02:15:04.819Z"}
{"level":"info","message":"Serializing user: 5147b76f9d8ef10902000001","timestamp":"2013-03-19T02:15:16.447Z"}
{"level":"info","message":"Deserializing user: 5147b76f9d8ef10902000001","timestamp":"2013-03-19T02:44:35.070Z"}
{"level":"info","message":"Deserializing user: 5147b76f9d8ef10902000001","timestamp":"2013-03-19T02:44:37.834Z"}
{"level":"info","message":"Serializing user: 5147b76f9d8ef10902000001","timestamp":"2013-03-19T02:44:38.089Z"}
{"level":"info","message":"Winston Initialized!!!","timestamp":"2013-03-19T02:45:21.089Z"}
{"level":"info","message":"Serializing user: 5147b76f9d8ef10902000001","timestamp":"2013-03-19T02:45:31.456Z"}
{"level":"info","message":"Deserializing user: 5147b76f9d8ef10902000001","timestamp":"2013-03-19T02:45:52.051Z"}
{"level":"info","message":"User Id: { name: 'Corey Perkins',\n  _id: 5147b76f9d8ef10902000001,\n  __v: 0,\n  timestamp: Mon Mar 18 2013 19:55:11 GMT-0500 (CDT),\n  teams: [],\n  openId: [ 'https://www.google.com/accounts/o8/id?id=AItOawkCn74zr2u506lclXPTXfsFEZI2t4nhzK4' ] }","timestamp":"2013-03-19T02:45:52.054Z"}
{"level":"info","message":"Winston Initialized!!!","timestamp":"2013-03-19T02:47:41.431Z"}
{"level":"info","message":"Serializing user: 5147b76f9d8ef10902000001","timestamp":"2013-03-19T02:47:55.068Z"}
{"level":"info","message":"Deserializing user: 5147b76f9d8ef10902000001","timestamp":"2013-03-19T02:48:12.107Z"}
{"level":"info","message":"User Id: { name: 'Corey Perkins',\n  _id: 5147b76f9d8ef10902000001,\n  __v: 0,\n  timestamp: Mon Mar 18 2013 19:55:11 GMT-0500 (CDT),\n  teams: [],\n  openId: [ 'https://www.google.com/accounts/o8/id?id=AItOawkCn74zr2u506lclXPTXfsFEZI2t4nhzK4' ] }","timestamp":"2013-03-19T02:48:12.110Z"}
{"level":"info","message":"Winston Initialized!!!","timestamp":"2013-03-19T03:01:11.725Z"}
{"level":"info","message":"User Id: undefined","timestamp":"2013-03-19T03:01:30.931Z"}
{"level":"info","message":"Winston Initialized!!!","timestamp":"2013-03-19T03:02:04.693Z"}
{"level":"info","message":"User Id: undefined","timestamp":"2013-03-19T03:02:07.820Z"}
{"level":"info","message":"User Id: undefined","timestamp":"2013-03-19T03:02:36.923Z"}
{"level":"info","message":"Winston Initialized!!!","timestamp":"2013-03-19T03:03:12.576Z"}
{"level":"info","message":"Serializing user: 5147b76f9d8ef10902000001","timestamp":"2013-03-19T03:03:31.165Z"}
{"level":"info","message":"Deserializing user: 5147b76f9d8ef10902000001","timestamp":"2013-03-19T03:04:03.268Z"}
{"level":"info","message":"User Id: { name: 'Corey Perkins',\n  _id: 5147b76f9d8ef10902000001,\n  __v: 0,\n  timestamp: Mon Mar 18 2013 19:55:11 GMT-0500 (CDT),\n  teams: [],\n  openId: [ 'https://www.google.com/accounts/o8/id?id=AItOawkCn74zr2u506lclXPTXfsFEZI2t4nhzK4' ] }","timestamp":"2013-03-19T03:04:03.270Z"}
{"level":"info","message":"Winston Initialized!!!","timestamp":"2013-03-19T03:07:46.580Z"}
{"level":"info","message":"Serializing user: 5147b76f9d8ef10902000001","timestamp":"2013-03-19T03:07:58.768Z"}
{"level":"info","message":"Deserializing user: 5147b76f9d8ef10902000001","timestamp":"2013-03-19T03:08:24.498Z"}
{"level":"info","message":"User Id: { name: 'Corey Perkins',\n  _id: 5147b76f9d8ef10902000001,\n  __v: 0,\n  timestamp: Mon Mar 18 2013 19:55:11 GMT-0500 (CDT),\n  teams: [],\n  openId: [ 'https://www.google.com/accounts/o8/id?id=AItOawkCn74zr2u506lclXPTXfsFEZI2t4nhzK4' ] }","timestamp":"2013-03-19T03:08:24.501Z"}
{"level":"info","message":"Winston Initialized!!!","timestamp":"2013-03-19T03:11:16.660Z"}
{"level":"info","message":"Serializing user: 5147b76f9d8ef10902000001","timestamp":"2013-03-19T03:11:55.904Z"}
{"level":"info","message":"Deserializing user: 5147b76f9d8ef10902000001","timestamp":"2013-03-19T03:12:40.009Z"}
{"level":"info","message":"User Id: { name: 'Corey Perkins',\n  _id: 5147b76f9d8ef10902000001,\n  __v: 0,\n  timestamp: Mon Mar 18 2013 19:55:11 GMT-0500 (CDT),\n  teams: [],\n  openId: [ 'https://www.google.com/accounts/o8/id?id=AItOawkCn74zr2u506lclXPTXfsFEZI2t4nhzK4' ] }","timestamp":"2013-03-19T03:12:40.011Z"}
{"level":"info","message":"Deserializing user: 5147b76f9d8ef10902000001","timestamp":"2013-03-19T03:12:41.638Z"}
{"level":"info","message":"User Id: { name: 'Corey Perkins',\n  _id: 5147b76f9d8ef10902000001,\n  __v: 0,\n  timestamp: Mon Mar 18 2013 19:55:11 GMT-0500 (CDT),\n  teams: [],\n  openId: [ 'https://www.google.com/accounts/o8/id?id=AItOawkCn74zr2u506lclXPTXfsFEZI2t4nhzK4' ] }","timestamp":"2013-03-19T03:12:41.639Z"}
